<?xml version="1.0" encoding="UTF-8"?>
<testsuite xmlns:xsi="http://www.w3.org/2001/XMLSchema-instance" xsi:noNamespaceSchemaLocation="https://maven.apache.org/surefire/maven-surefire-plugin/xsd/surefire-test-report.xsd" name="student.AppTest" time="0.03" tests="1" errors="0" skipped="0" failures="0">
  <properties>
    <property name="java.specification.version" value="17"/>
    <property name="sun.cpu.isalist" value="amd64"/>
    <property name="sun.jnu.encoding" value="Cp1252"/>
    <property name="java.class.path" value="D:\Java\Code\lab6\studentapp\target\test-classes;D:\Java\Code\lab6\studentapp\target\classes;C:\Users\AHIHI\.m2\repository\junit\junit\4.11\junit-4.11.jar;C:\Users\AHIHI\.m2\repository\org\hamcrest\hamcrest-core\1.3\hamcrest-core-1.3.jar;C:\Users\AHIHI\.m2\repository\io\github\cdimascio\java-dotenv\5.2.2\java-dotenv-5.2.2.jar;C:\Users\AHIHI\.m2\repository\org\jetbrains\kotlin\kotlin-stdlib\1.4.0\kotlin-stdlib-1.4.0.jar;C:\Users\AHIHI\.m2\repository\org\jetbrains\kotlin\kotlin-stdlib-common\1.4.0\kotlin-stdlib-common-1.4.0.jar;C:\Users\AHIHI\.m2\repository\org\jetbrains\annotations\13.0\annotations-13.0.jar;C:\Users\AHIHI\.m2\repository\io\github\cdimascio\dotenv-kotlin\6.4.0\dotenv-kotlin-6.4.0.jar;C:\Users\AHIHI\.m2\repository\io\github\cdimascio\dotenv-java\2.3.1\dotenv-java-2.3.1.jar;"/>
    <property name="java.vm.vendor" value="Eclipse Adoptium"/>
    <property name="sun.arch.data.model" value="64"/>
    <property name="user.variant" value=""/>
    <property name="java.vendor.url" value="https://adoptium.net/"/>
    <property name="user.timezone" value="Asia/Bangkok"/>
    <property name="user.country.format" value="VN"/>
    <property name="os.name" value="Windows 10"/>
    <property name="java.vm.specification.version" value="17"/>
    <property name="sun.java.launcher" value="SUN_STANDARD"/>
    <property name="user.country" value="US"/>
    <property name="sun.boot.library.path" value="C:\Users\AHIHI\AppData\Local\Programs\Eclipse Adoptium\jdk-17.0.3.7-hotspot\bin"/>
    <property name="sun.java.command" value="C:\Users\AHIHI\AppData\Local\Temp\surefire14197854156397700355\surefirebooter14292010080291596252.jar C:\Users\AHIHI\AppData\Local\Temp\surefire14197854156397700355 2022-12-03T13-39-28_246-jvmRun1 surefire16672539407492181347tmp surefire_012239173848422574808tmp"/>
    <property name="jdk.debug" value="release"/>
    <property name="surefire.test.class.path" value="D:\Java\Code\lab6\studentapp\target\test-classes;D:\Java\Code\lab6\studentapp\target\classes;C:\Users\AHIHI\.m2\repository\junit\junit\4.11\junit-4.11.jar;C:\Users\AHIHI\.m2\repository\org\hamcrest\hamcrest-core\1.3\hamcrest-core-1.3.jar;C:\Users\AHIHI\.m2\repository\io\github\cdimascio\java-dotenv\5.2.2\java-dotenv-5.2.2.jar;C:\Users\AHIHI\.m2\repository\org\jetbrains\kotlin\kotlin-stdlib\1.4.0\kotlin-stdlib-1.4.0.jar;C:\Users\AHIHI\.m2\repository\org\jetbrains\kotlin\kotlin-stdlib-common\1.4.0\kotlin-stdlib-common-1.4.0.jar;C:\Users\AHIHI\.m2\repository\org\jetbrains\annotations\13.0\annotations-13.0.jar;C:\Users\AHIHI\.m2\repository\io\github\cdimascio\dotenv-kotlin\6.4.0\dotenv-kotlin-6.4.0.jar;C:\Users\AHIHI\.m2\repository\io\github\cdimascio\dotenv-java\2.3.1\dotenv-java-2.3.1.jar;"/>
    <property name="sun.cpu.endian" value="little"/>
    <property name="user.home" value="C:\Users\AHIHI"/>
    <property name="user.language" value="en"/>
    <property name="java.specification.vendor" value="Oracle Corporation"/>
    <property name="java.version.date" value="2022-04-19"/>
    <property name="java.home" value="C:\Users\AHIHI\AppData\Local\Programs\Eclipse Adoptium\jdk-17.0.3.7-hotspot"/>
    <property name="file.separator" value="\"/>
    <property name="basedir" value="D:\Java\Code\lab6\studentapp"/>
    <property name="java.vm.compressedOopsMode" value="Zero based"/>
    <property name="line.separator" value="&#10;"/>
    <property name="java.vm.specification.vendor" value="Oracle Corporation"/>
    <property name="java.specification.name" value="Java Platform API Specification"/>
    <property name="surefire.real.class.path" value="C:\Users\AHIHI\AppData\Local\Temp\surefire14197854156397700355\surefirebooter14292010080291596252.jar"/>
    <property name="user.script" value=""/>
    <property name="sun.management.compiler" value="HotSpot 64-Bit Tiered Compilers"/>
    <property name="java.runtime.version" value="17.0.3+7"/>
    <property name="user.name" value="AHIHI"/>
    <property name="path.separator" value=";"/>
    <property name="os.version" value="10.0"/>
    <property name="java.runtime.name" value="OpenJDK Runtime Environment"/>
    <property name="file.encoding" value="Cp1252"/>
    <property name="java.vm.name" value="OpenJDK 64-Bit Server VM"/>
    <property name="java.vendor.version" value="Temurin-17.0.3+7"/>
    <property name="localRepository" value="C:\Users\AHIHI\.m2\repository"/>
    <property name="java.vendor.url.bug" value="https://github.com/adoptium/adoptium-support/issues"/>
    <property name="java.io.tmpdir" value="C:\Users\AHIHI\AppData\Local\Temp\"/>
    <property name="java.version" value="17.0.3"/>
    <property name="user.dir" value="D:\Java\Code\lab6\studentapp"/>
    <property name="os.arch" value="amd64"/>
    <property name="java.vm.specification.name" value="Java Virtual Machine Specification"/>
    <property name="user.language.format" value="vi"/>
    <property name="sun.os.patch.level" value=""/>
    <property name="native.encoding" value="Cp1252"/>
    <property name="java.library.path" value="C:\Users\AHIHI\AppData\Local\Programs\Eclipse Adoptium\jdk-17.0.3.7-hotspot\bin;C:\Windows\Sun\Java\bin;C:\Windows\system32;C:\Windows;C:\Program Files (x86)\VMware\VMware Workstation\bin\;C:\Windows\system32;C:\Windows;C:\Windows\System32\Wbem;C:\Windows\System32\WindowsPowerShell\v1.0\;C:\Windows\System32\OpenSSH\;C:\Program Files (x86)\NVIDIA Corporation\PhysX\Common;C:\Program Files\NVIDIA Corporation\NVIDIA NvDLISR;C:\msys64\mingw64\bin;C:\Program Files\Git\cmd;C:\Program Files\Cloudflare\Cloudflare WARP\;C:\Users\AHIHI\AppData\Local\Programs\Python\Python310;C:\Program Files\Microsoft SQL Server\Client SDK\ODBC\170\Tools\Binn\;C:\Program Files (x86)\Microsoft SQL Server\150\Tools\Binn\;C:\Program Files\Microsoft SQL Server\150\Tools\Binn\;C:\Program Files\Microsoft SQL Server\150\DTS\Binn\;C:\Program Files (x86)\Microsoft SQL Server\150\DTS\Binn\;C:\Program Files\Azure Data Studio\bin;C:\Program Files\Calibre2\;C:\Program Files\dotnet\;C:\Program Files\CMake\bin;C:\Users\AHIHI\AppData\Local\Programs\Eclipse Adoptium\jdk-17.0.3.7-hotspot\bin;D:\Java\apache-maven-3.8.6\bin;C:\Program Files\nodejs\;C:\Program Files\Mongosh\bin;C:\Program Files\MongoDB\Server\6.0\bin;C:\Program Files\Mongotool\bin;C:\Users\AHIHI\AppData\Local\Programs\Eclipse Adoptium\jdk-17.0.3.7-hotspot\bin;C:\Users\AHIHI\AppData\Local\Programs\Python\Python310\Scripts\;C:\Users\AHIHI\AppData\Local\Programs\Python\Python310\;C:\Users\AHIHI\AppData\Local\Microsoft\WindowsApps;;C:\Users\AHIHI\AppData\Local\Programs\Microsoft VS Code\bin;C:\Program Files\Azure Data Studio\bin;C:\Program Files\heroku\bin;C:\Users\AHIHI\AppData\Roaming\npm;."/>
    <property name="java.vm.info" value="mixed mode, sharing"/>
    <property name="java.vendor" value="Eclipse Adoptium"/>
    <property name="java.vm.version" value="17.0.3+7"/>
    <property name="sun.io.unicode.encoding" value="UnicodeLittle"/>
    <property name="java.class.version" value="61.0"/>
  </properties>
  <testcase name="shouldAnswerWithTrue" classname="student.AppTest" time="0.001"/>
</testsuite>